<!DOCTYPE html>

<html>
  <head>
  <meta charset='utf-8'>
  <title>TestNG reports</title>

    <link type="text/css" href="testng-reports.css" rel="stylesheet" />
    <script type="text/javascript" src="jquery-1.7.1.min.js"></script>
    <script type="text/javascript" src="testng-reports.js"></script>
    <script type="text/javascript" src="https://www.google.com/jsapi"></script>
    <script type='text/javascript'>
      google.load('visualization', '1', {packages:['table']});
      google.setOnLoadCallback(drawTable);
      var suiteTableInitFunctions = new Array();
      var suiteTableData = new Array();
    </script>
    <!--
      <script type="text/javascript" src="jquery-ui/js/jquery-ui-1.8.16.custom.min.js"></script>
     -->
  </head>

  <body>
    <div class="top-banner-root">
      <span class="top-banner-title-font">Test results</span>
      <br/>
      <span class="top-banner-font-1">1 suite, 4 failed tests</span>
    </div> <!-- top-banner-root -->
    <div class="navigator-root">
      <div class="navigator-suite-header">
        <span>All suites</span>
        <a href="#" title="Collapse/expand all the suites" class="collapse-all-link">
          <img src="collapseall.gif" class="collapse-all-icon">
          </img> <!-- collapse-all-icon -->
        </a> <!-- collapse-all-link -->
      </div> <!-- navigator-suite-header -->
      <div class="suite">
        <div class="rounded-window">
          <div class="suite-header light-rounded-window-top">
            <a href="#" panel-name="suite-Bank_Application_testing" class="navigator-link">
              <span class="suite-name border-failed">Bank Application testing</span>
            </a> <!-- navigator-link -->
          </div> <!-- suite-header light-rounded-window-top -->
          <div class="navigator-suite-content">
            <div class="suite-section-title">
              <span>Info</span>
            </div> <!-- suite-section-title -->
            <div class="suite-section-content">
              <ul>
                <li>
                  <a href="#" panel-name="test-xml-Bank_Application_testing" class="navigator-link ">
                    <span>D:\CDriver-eclipse\eclipse-workspace\ProjectsPrac\BankProject\src\test\resources\runner\testng.xml</span>
                  </a> <!-- navigator-link  -->
                </li>
                <li>
                  <a href="#" panel-name="testlist-Bank_Application_testing" class="navigator-link ">
                    <span class="test-stats">1 test</span>
                  </a> <!-- navigator-link  -->
                </li>
                <li>
                  <a href="#" panel-name="group-Bank_Application_testing" class="navigator-link ">
                    <span>0 groups</span>
                  </a> <!-- navigator-link  -->
                </li>
                <li>
                  <a href="#" panel-name="times-Bank_Application_testing" class="navigator-link ">
                    <span>Times</span>
                  </a> <!-- navigator-link  -->
                </li>
                <li>
                  <a href="#" panel-name="reporter-Bank_Application_testing" class="navigator-link ">
                    <span>Reporter output</span>
                  </a> <!-- navigator-link  -->
                </li>
                <li>
                  <a href="#" panel-name="ignored-methods-Bank_Application_testing" class="navigator-link ">
                    <span>Ignored methods</span>
                  </a> <!-- navigator-link  -->
                </li>
                <li>
                  <a href="#" panel-name="chronological-Bank_Application_testing" class="navigator-link ">
                    <span>Chronological view</span>
                  </a> <!-- navigator-link  -->
                </li>
              </ul>
            </div> <!-- suite-section-content -->
            <div class="result-section">
              <div class="suite-section-title">
                <span>Results</span>
              </div> <!-- suite-section-title -->
              <div class="suite-section-content">
                <ul>
                  <li>
                    <span class="method-stats">9 methods, 4 failed,   5 passed</span>
                  </li>
                  <li>
                    <span class="method-list-title failed">Failed methods</span>
                    <span class="show-or-hide-methods failed">
                      <a href="#" panel-name="suite-Bank_Application_testing" class="hide-methods failed suite-Bank_Application_testing"> (hide)</a> <!-- hide-methods failed suite-Bank_Application_testing -->
                      <a href="#" panel-name="suite-Bank_Application_testing" class="show-methods failed suite-Bank_Application_testing"> (show)</a> <!-- show-methods failed suite-Bank_Application_testing -->
                    </span>
                    <div class="method-list-content failed suite-Bank_Application_testing">
                      <span>
                        <img src="failed.png" width="3%"/>
                        <a href="#" panel-name="suite-Bank_Application_testing" title="testCases.newCustomerTest" class="method navigator-link" hash-for-method="deleteCustomerVerfiy">deleteCustomerVerfiy</a> <!-- method navigator-link -->
                      </span>
                      <br/>
                      <span>
                        <img src="failed.png" width="3%"/>
                        <a href="#" panel-name="suite-Bank_Application_testing" title="testCases.newCustomerTest" class="method navigator-link" hash-for-method="newCutomerVerify">newCutomerVerify</a> <!-- method navigator-link -->
                      </span>
                      <br/>
                      <span>
                        <img src="failed.png" width="3%"/>
                        <a href="#" panel-name="suite-Bank_Application_testing" title="testCases.newCustomerTest" class="method navigator-link" hash-for-method="validateReset">validateReset</a> <!-- method navigator-link -->
                      </span>
                      <br/>
                      <span>
                        <img src="failed.png" width="3%"/>
                        <a href="#" panel-name="suite-Bank_Application_testing" title="testCases.newCustomerTest" class="method navigator-link" hash-for-method="validateSubmitwithCorrectData">validateSubmitwithCorrectData</a> <!-- method navigator-link -->
                      </span>
                      <br/>
                    </div> <!-- method-list-content failed suite-Bank_Application_testing -->
                  </li>
                  <li>
                    <span class="method-list-title passed">Passed methods</span>
                    <span class="show-or-hide-methods passed">
                      <a href="#" panel-name="suite-Bank_Application_testing" class="hide-methods passed suite-Bank_Application_testing"> (hide)</a> <!-- hide-methods passed suite-Bank_Application_testing -->
                      <a href="#" panel-name="suite-Bank_Application_testing" class="show-methods passed suite-Bank_Application_testing"> (show)</a> <!-- show-methods passed suite-Bank_Application_testing -->
                    </span>
                    <div class="method-list-content passed suite-Bank_Application_testing">
                      <span>
                        <img src="passed.png" width="3%"/>
                        <a href="#" panel-name="suite-Bank_Application_testing" title="testCases.newCustomerTest" class="method navigator-link" hash-for-method="validateAddressTB({addressData=, addressMsg=Address Field must not be blank})">validateAddressTB({addressData=, addressMsg=Address Field must not be blank})</a> <!-- method navigator-link -->
                      </span>
                      <br/>
                      <span>
                        <img src="passed.png" width="3%"/>
                        <a href="#" panel-name="suite-Bank_Application_testing" title="testCases.newCustomerTest" class="method navigator-link" hash-for-method="validateAddressTB({addressData=test@test, addressMsg=Special characters are not allowed})">validateAddressTB({addressData=test@test, addressMsg=Special characters are not allowed})</a> <!-- method navigator-link -->
                      </span>
                      <br/>
                      <span>
                        <img src="passed.png" width="3%"/>
                        <a href="#" panel-name="suite-Bank_Application_testing" title="testCases.newCustomerTest" class="method navigator-link" hash-for-method="validateCustomerNameTB(1223, Numbers are not allowed)">validateCustomerNameTB(1223, Numbers are not allowed)</a> <!-- method navigator-link -->
                      </span>
                      <br/>
                      <span>
                        <img src="passed.png" width="3%"/>
                        <a href="#" panel-name="suite-Bank_Application_testing" title="testCases.newCustomerTest" class="method navigator-link" hash-for-method="validateCustomerNameTB(@test, Special characters are not allowed)">validateCustomerNameTB(@test, Special characters are not allowed)</a> <!-- method navigator-link -->
                      </span>
                      <br/>
                      <span>
                        <img src="passed.png" width="3%"/>
                        <a href="#" panel-name="suite-Bank_Application_testing" title="testCases.newCustomerTest" class="method navigator-link" hash-for-method="validateCustomerNameTB(, Customer name must not be blank)">validateCustomerNameTB(, Customer name must not be blank)</a> <!-- method navigator-link -->
                      </span>
                      <br/>
                    </div> <!-- method-list-content passed suite-Bank_Application_testing -->
                  </li>
                </ul>
              </div> <!-- suite-section-content -->
            </div> <!-- result-section -->
          </div> <!-- navigator-suite-content -->
        </div> <!-- rounded-window -->
      </div> <!-- suite -->
    </div> <!-- navigator-root -->
    <div class="wrapper">
      <div class="main-panel-root">
        <div panel-name="suite-Bank_Application_testing" class="panel Bank_Application_testing">
          <div class="suite-Bank_Application_testing-class-failed">
            <div class="main-panel-header rounded-window-top">
              <img src="failed.png"/>
              <span class="class-name">testCases.newCustomerTest</span>
            </div> <!-- main-panel-header rounded-window-top -->
            <div class="main-panel-content rounded-window-bottom">
              <div class="method">
                <div class="method-content">
                  <a name="deleteCustomerVerfiy">
                  </a> <!-- deleteCustomerVerfiy -->
                  <span class="method-name">deleteCustomerVerfiy</span>
                  <div class="stack-trace">org.openqa.selenium.NoSuchElementException: no such element: Unable to locate element: {&quot;method&quot;:&quot;xpath&quot;,&quot;selector&quot;:&quot;//input[@name=&apos;name&apos;]&quot;}
  (Session info: chrome=88.0.4324.150)
For documentation on this error, please visit: http://seleniumhq.org/exceptions/no_such_element.html
Build info: version: &apos;3.14.0&apos;, revision: &apos;aacccce0&apos;, time: &apos;2018-08-02T20:19:58.91Z&apos;
System info: host: &apos;LAPTOP-V2NOMDAU&apos;, ip: &apos;192.168.0.103&apos;, os.name: &apos;Windows 10&apos;, os.arch: &apos;amd64&apos;, os.version: &apos;10.0&apos;, java.version: &apos;11.0.8&apos;
Driver info: org.openqa.selenium.chrome.ChromeDriver
Capabilities {acceptInsecureCerts: false, browserName: chrome, browserVersion: 88.0.4324.150, chrome: {chromedriverVersion: 88.0.4324.96 (68dba2d8a0b14..., userDataDir: C:\Users\APARNA~1\AppData\L...}, goog:chromeOptions: {debuggerAddress: localhost:57018}, javascriptEnabled: true, networkConnectionEnabled: false, pageLoadStrategy: normal, platform: WINDOWS, platformName: WINDOWS, proxy: Proxy(), setWindowRect: true, strictFileInteractability: false, timeouts: {implicit: 0, pageLoad: 300000, script: 30000}, unhandledPromptBehavior: dismiss and notify, webauthn:extension:largeBlob: true, webauthn:virtualAuthenticators: true}
Session ID: 2a37674bd9ec2cf59f36fbd3987d2224
*** Element info: {Using=xpath, value=//input[@name=&apos;name&apos;]}
	at org.openqa.selenium.remote.http.W3CHttpResponseCodec.createException(W3CHttpResponseCodec.java:187)
	at org.openqa.selenium.remote.http.W3CHttpResponseCodec.decode(W3CHttpResponseCodec.java:122)
	at org.openqa.selenium.remote.http.W3CHttpResponseCodec.decode(W3CHttpResponseCodec.java:49)
	at org.openqa.selenium.remote.HttpCommandExecutor.execute(HttpCommandExecutor.java:158)
	at org.openqa.selenium.remote.service.DriverCommandExecutor.execute(DriverCommandExecutor.java:83)
	at org.openqa.selenium.remote.RemoteWebDriver.execute(RemoteWebDriver.java:548)
	at org.openqa.selenium.remote.RemoteWebDriver.findElement(RemoteWebDriver.java:322)
	at org.openqa.selenium.remote.RemoteWebDriver.findElementByXPath(RemoteWebDriver.java:424)
	at org.openqa.selenium.By$ByXPath.findElement(By.java:353)
	at org.openqa.selenium.remote.RemoteWebDriver.findElement(RemoteWebDriver.java:314)
	at org.openqa.selenium.support.pagefactory.DefaultElementLocator.findElement(DefaultElementLocator.java:69)
	at org.openqa.selenium.support.pagefactory.internal.LocatingElementHandler.invoke(LocatingElementHandler.java:38)
	at com.sun.proxy.$Proxy10.sendKeys(Unknown Source)
	at com.bnk.base.Page.type(Page.java:99)
	at com.bnk.actions.newCustomer.addCustomerData(newCustomer.java:86)
	at com.bnk.actions.newCustomer.deleteCustomerVerfiy(newCustomer.java:253)
	at testCases.newCustomerTest.deleteCustomerVerfiy(newCustomerTest.java:96)
... Removed 33 stack frames
</div> <!-- stack-trace -->
                </div> <!-- method-content -->
              </div> <!-- method -->
              <div class="method">
                <div class="method-content">
                  <a name="newCutomerVerify">
                  </a> <!-- newCutomerVerify -->
                  <span class="method-name">newCutomerVerify</span>
                  <div class="stack-trace">org.openqa.selenium.NoSuchElementException: no such element: Unable to locate element: {&quot;method&quot;:&quot;xpath&quot;,&quot;selector&quot;:&quot;//input[@name=&apos;name&apos;]&quot;}
  (Session info: chrome=88.0.4324.150)
For documentation on this error, please visit: http://seleniumhq.org/exceptions/no_such_element.html
Build info: version: &apos;3.14.0&apos;, revision: &apos;aacccce0&apos;, time: &apos;2018-08-02T20:19:58.91Z&apos;
System info: host: &apos;LAPTOP-V2NOMDAU&apos;, ip: &apos;192.168.0.103&apos;, os.name: &apos;Windows 10&apos;, os.arch: &apos;amd64&apos;, os.version: &apos;10.0&apos;, java.version: &apos;11.0.8&apos;
Driver info: org.openqa.selenium.chrome.ChromeDriver
Capabilities {acceptInsecureCerts: false, browserName: chrome, browserVersion: 88.0.4324.150, chrome: {chromedriverVersion: 88.0.4324.96 (68dba2d8a0b14..., userDataDir: C:\Users\APARNA~1\AppData\L...}, goog:chromeOptions: {debuggerAddress: localhost:57018}, javascriptEnabled: true, networkConnectionEnabled: false, pageLoadStrategy: normal, platform: WINDOWS, platformName: WINDOWS, proxy: Proxy(), setWindowRect: true, strictFileInteractability: false, timeouts: {implicit: 0, pageLoad: 300000, script: 30000}, unhandledPromptBehavior: dismiss and notify, webauthn:extension:largeBlob: true, webauthn:virtualAuthenticators: true}
Session ID: 2a37674bd9ec2cf59f36fbd3987d2224
*** Element info: {Using=xpath, value=//input[@name=&apos;name&apos;]}
	at org.openqa.selenium.remote.http.W3CHttpResponseCodec.createException(W3CHttpResponseCodec.java:187)
	at org.openqa.selenium.remote.http.W3CHttpResponseCodec.decode(W3CHttpResponseCodec.java:122)
	at org.openqa.selenium.remote.http.W3CHttpResponseCodec.decode(W3CHttpResponseCodec.java:49)
	at org.openqa.selenium.remote.HttpCommandExecutor.execute(HttpCommandExecutor.java:158)
	at org.openqa.selenium.remote.service.DriverCommandExecutor.execute(DriverCommandExecutor.java:83)
	at org.openqa.selenium.remote.RemoteWebDriver.execute(RemoteWebDriver.java:548)
	at org.openqa.selenium.remote.RemoteWebDriver.findElement(RemoteWebDriver.java:322)
	at org.openqa.selenium.remote.RemoteWebDriver.findElementByXPath(RemoteWebDriver.java:424)
	at org.openqa.selenium.By$ByXPath.findElement(By.java:353)
	at org.openqa.selenium.remote.RemoteWebDriver.findElement(RemoteWebDriver.java:314)
	at org.openqa.selenium.support.pagefactory.DefaultElementLocator.findElement(DefaultElementLocator.java:69)
	at org.openqa.selenium.support.pagefactory.internal.LocatingElementHandler.invoke(LocatingElementHandler.java:38)
	at com.sun.proxy.$Proxy10.sendKeys(Unknown Source)
	at com.bnk.base.Page.type(Page.java:99)
	at com.bnk.actions.newCustomer.addCustomerData(newCustomer.java:86)
	at com.bnk.actions.newCustomer.newCutomerVerify(newCustomer.java:222)
	at testCases.newCustomerTest.newCutomerVerify(newCustomerTest.java:87)
... Removed 33 stack frames
</div> <!-- stack-trace -->
                </div> <!-- method-content -->
              </div> <!-- method -->
              <div class="method">
                <div class="method-content">
                  <a name="validateReset">
                  </a> <!-- validateReset -->
                  <span class="method-name">validateReset</span>
                  <div class="stack-trace">org.openqa.selenium.NoSuchElementException: no such element: Unable to locate element: {&quot;method&quot;:&quot;xpath&quot;,&quot;selector&quot;:&quot;//input[@name=&apos;name&apos;]&quot;}
  (Session info: chrome=88.0.4324.150)
For documentation on this error, please visit: http://seleniumhq.org/exceptions/no_such_element.html
Build info: version: &apos;3.14.0&apos;, revision: &apos;aacccce0&apos;, time: &apos;2018-08-02T20:19:58.91Z&apos;
System info: host: &apos;LAPTOP-V2NOMDAU&apos;, ip: &apos;192.168.0.103&apos;, os.name: &apos;Windows 10&apos;, os.arch: &apos;amd64&apos;, os.version: &apos;10.0&apos;, java.version: &apos;11.0.8&apos;
Driver info: org.openqa.selenium.chrome.ChromeDriver
Capabilities {acceptInsecureCerts: false, browserName: chrome, browserVersion: 88.0.4324.150, chrome: {chromedriverVersion: 88.0.4324.96 (68dba2d8a0b14..., userDataDir: C:\Users\APARNA~1\AppData\L...}, goog:chromeOptions: {debuggerAddress: localhost:57018}, javascriptEnabled: true, networkConnectionEnabled: false, pageLoadStrategy: normal, platform: WINDOWS, platformName: WINDOWS, proxy: Proxy(), setWindowRect: true, strictFileInteractability: false, timeouts: {implicit: 0, pageLoad: 300000, script: 30000}, unhandledPromptBehavior: dismiss and notify, webauthn:extension:largeBlob: true, webauthn:virtualAuthenticators: true}
Session ID: 2a37674bd9ec2cf59f36fbd3987d2224
*** Element info: {Using=xpath, value=//input[@name=&apos;name&apos;]}
	at org.openqa.selenium.remote.http.W3CHttpResponseCodec.createException(W3CHttpResponseCodec.java:187)
	at org.openqa.selenium.remote.http.W3CHttpResponseCodec.decode(W3CHttpResponseCodec.java:122)
	at org.openqa.selenium.remote.http.W3CHttpResponseCodec.decode(W3CHttpResponseCodec.java:49)
	at org.openqa.selenium.remote.HttpCommandExecutor.execute(HttpCommandExecutor.java:158)
	at org.openqa.selenium.remote.service.DriverCommandExecutor.execute(DriverCommandExecutor.java:83)
	at org.openqa.selenium.remote.RemoteWebDriver.execute(RemoteWebDriver.java:548)
	at org.openqa.selenium.remote.RemoteWebDriver.findElement(RemoteWebDriver.java:322)
	at org.openqa.selenium.remote.RemoteWebDriver.findElementByXPath(RemoteWebDriver.java:424)
	at org.openqa.selenium.By$ByXPath.findElement(By.java:353)
	at org.openqa.selenium.remote.RemoteWebDriver.findElement(RemoteWebDriver.java:314)
	at org.openqa.selenium.support.pagefactory.DefaultElementLocator.findElement(DefaultElementLocator.java:69)
	at org.openqa.selenium.support.pagefactory.internal.LocatingElementHandler.invoke(LocatingElementHandler.java:38)
	at com.sun.proxy.$Proxy10.sendKeys(Unknown Source)
	at com.bnk.base.Page.type(Page.java:99)
	at com.bnk.actions.newCustomer.addCustomerData(newCustomer.java:86)
	at com.bnk.actions.newCustomer.validateReset(newCustomer.java:195)
	at testCases.newCustomerTest.validateReset(newCustomerTest.java:82)
... Removed 33 stack frames
</div> <!-- stack-trace -->
                </div> <!-- method-content -->
              </div> <!-- method -->
              <div class="method">
                <div class="method-content">
                  <a name="validateSubmitwithCorrectData">
                  </a> <!-- validateSubmitwithCorrectData -->
                  <span class="method-name">validateSubmitwithCorrectData</span>
                  <div class="stack-trace">org.openqa.selenium.NoSuchElementException: no such element: Unable to locate element: {&quot;method&quot;:&quot;xpath&quot;,&quot;selector&quot;:&quot;//input[@type=&apos;submit&apos;]&quot;}
  (Session info: chrome=88.0.4324.150)
For documentation on this error, please visit: http://seleniumhq.org/exceptions/no_such_element.html
Build info: version: &apos;3.14.0&apos;, revision: &apos;aacccce0&apos;, time: &apos;2018-08-02T20:19:58.91Z&apos;
System info: host: &apos;LAPTOP-V2NOMDAU&apos;, ip: &apos;192.168.0.103&apos;, os.name: &apos;Windows 10&apos;, os.arch: &apos;amd64&apos;, os.version: &apos;10.0&apos;, java.version: &apos;11.0.8&apos;
Driver info: org.openqa.selenium.chrome.ChromeDriver
Capabilities {acceptInsecureCerts: false, browserName: chrome, browserVersion: 88.0.4324.150, chrome: {chromedriverVersion: 88.0.4324.96 (68dba2d8a0b14..., userDataDir: C:\Users\APARNA~1\AppData\L...}, goog:chromeOptions: {debuggerAddress: localhost:57018}, javascriptEnabled: true, networkConnectionEnabled: false, pageLoadStrategy: normal, platform: WINDOWS, platformName: WINDOWS, proxy: Proxy(), setWindowRect: true, strictFileInteractability: false, timeouts: {implicit: 0, pageLoad: 300000, script: 30000}, unhandledPromptBehavior: dismiss and notify, webauthn:extension:largeBlob: true, webauthn:virtualAuthenticators: true}
Session ID: 2a37674bd9ec2cf59f36fbd3987d2224
*** Element info: {Using=xpath, value=//input[@type=&apos;submit&apos;]}
	at org.openqa.selenium.remote.http.W3CHttpResponseCodec.createException(W3CHttpResponseCodec.java:187)
	at org.openqa.selenium.remote.http.W3CHttpResponseCodec.decode(W3CHttpResponseCodec.java:122)
	at org.openqa.selenium.remote.http.W3CHttpResponseCodec.decode(W3CHttpResponseCodec.java:49)
	at org.openqa.selenium.remote.HttpCommandExecutor.execute(HttpCommandExecutor.java:158)
	at org.openqa.selenium.remote.service.DriverCommandExecutor.execute(DriverCommandExecutor.java:83)
	at org.openqa.selenium.remote.RemoteWebDriver.execute(RemoteWebDriver.java:548)
	at org.openqa.selenium.remote.RemoteWebDriver.findElement(RemoteWebDriver.java:322)
	at org.openqa.selenium.remote.RemoteWebDriver.findElementByXPath(RemoteWebDriver.java:424)
	at org.openqa.selenium.By$ByXPath.findElement(By.java:353)
	at org.openqa.selenium.remote.RemoteWebDriver.findElement(RemoteWebDriver.java:314)
	at org.openqa.selenium.support.pagefactory.DefaultElementLocator.findElement(DefaultElementLocator.java:69)
	at org.openqa.selenium.support.pagefactory.internal.LocatingElementHandler.invoke(LocatingElementHandler.java:38)
	at com.sun.proxy.$Proxy10.getText(Unknown Source)
	at com.bnk.base.Page.click(Page.java:95)
	at com.bnk.actions.newCustomer.validateSubmitwithCorrectData(newCustomer.java:100)
	at testCases.newCustomerTest.validateSubmitwithCorrectData(newCustomerTest.java:73)
... Removed 33 stack frames
</div> <!-- stack-trace -->
                </div> <!-- method-content -->
              </div> <!-- method -->
            </div> <!-- main-panel-content rounded-window-bottom -->
          </div> <!-- suite-Bank_Application_testing-class-failed -->
          <div class="suite-Bank_Application_testing-class-passed">
            <div class="main-panel-header rounded-window-top">
              <img src="passed.png"/>
              <span class="class-name">testCases.newCustomerTest</span>
            </div> <!-- main-panel-header rounded-window-top -->
            <div class="main-panel-content rounded-window-bottom">
              <div class="method">
                <div class="method-content">
                  <a name="validateAddressTB({addressData=, addressMsg=Address Field must not be blank})">
                  </a> <!-- validateAddressTB({addressData=, addressMsg=Address Field must not be blank}) -->
                  <span class="method-name">validateAddressTB</span>
                  <span class="parameters">({addressData=, addressMsg=Address Field must not be blank})</span>
                </div> <!-- method-content -->
              </div> <!-- method -->
              <div class="method">
                <div class="method-content">
                  <a name="validateAddressTB({addressData=test@test, addressMsg=Special characters are not allowed})">
                  </a> <!-- validateAddressTB({addressData=test@test, addressMsg=Special characters are not allowed}) -->
                  <span class="method-name">validateAddressTB</span>
                  <span class="parameters">({addressData=test@test, addressMsg=Special characters are not allowed})</span>
                </div> <!-- method-content -->
              </div> <!-- method -->
              <div class="method">
                <div class="method-content">
                  <a name="validateCustomerNameTB(1223, Numbers are not allowed)">
                  </a> <!-- validateCustomerNameTB(1223, Numbers are not allowed) -->
                  <span class="method-name">validateCustomerNameTB</span>
                  <span class="parameters">(1223, Numbers are not allowed)</span>
                </div> <!-- method-content -->
              </div> <!-- method -->
              <div class="method">
                <div class="method-content">
                  <a name="validateCustomerNameTB(@test, Special characters are not allowed)">
                  </a> <!-- validateCustomerNameTB(@test, Special characters are not allowed) -->
                  <span class="method-name">validateCustomerNameTB</span>
                  <span class="parameters">(@test, Special characters are not allowed)</span>
                </div> <!-- method-content -->
              </div> <!-- method -->
              <div class="method">
                <div class="method-content">
                  <a name="validateCustomerNameTB(, Customer name must not be blank)">
                  </a> <!-- validateCustomerNameTB(, Customer name must not be blank) -->
                  <span class="method-name">validateCustomerNameTB</span>
                  <span class="parameters">(, Customer name must not be blank)</span>
                </div> <!-- method-content -->
              </div> <!-- method -->
            </div> <!-- main-panel-content rounded-window-bottom -->
          </div> <!-- suite-Bank_Application_testing-class-passed -->
        </div> <!-- panel Bank_Application_testing -->
        <div panel-name="test-xml-Bank_Application_testing" class="panel">
          <div class="main-panel-header rounded-window-top">
            <span class="header-content">D:\CDriver-eclipse\eclipse-workspace\ProjectsPrac\BankProject\src\test\resources\runner\testng.xml</span>
          </div> <!-- main-panel-header rounded-window-top -->
          <div class="main-panel-content rounded-window-bottom">
            <pre>
&lt;?xml version=&quot;1.0&quot; encoding=&quot;UTF-8&quot;?&gt;
&lt;!DOCTYPE suite SYSTEM &quot;http://testng.org/testng-1.0.dtd&quot;&gt;
&lt;suite name=&quot;Bank Application testing&quot; guice-stage=&quot;DEVELOPMENT&quot; verbose=&quot;0&quot;&gt;
  &lt;listeners&gt;
    &lt;listener class-name=&quot;org.uncommons.reportng.HTMLReporter&quot;/&gt;
    &lt;listener class-name=&quot;org.uncommons.reportng.JUnitXMLReporter&quot;/&gt;
    &lt;listener class-name=&quot;com.bnk.listeners.customListeners&quot;/&gt;
  &lt;/listeners&gt;
  &lt;test name=&quot;New Customer Test&quot;&gt;
    &lt;classes&gt;
      &lt;class name=&quot;testCases.newCustomerTest&quot;/&gt;
    &lt;/classes&gt;
  &lt;/test&gt; &lt;!-- New Customer Test --&gt;
&lt;/suite&gt; &lt;!-- Bank Application testing --&gt;
            </pre>
          </div> <!-- main-panel-content rounded-window-bottom -->
        </div> <!-- panel -->
        <div panel-name="testlist-Bank_Application_testing" class="panel">
          <div class="main-panel-header rounded-window-top">
            <span class="header-content">Tests for Bank Application testing</span>
          </div> <!-- main-panel-header rounded-window-top -->
          <div class="main-panel-content rounded-window-bottom">
            <ul>
              <li>
                <span class="test-name">New Customer Test (1 class)</span>
              </li>
            </ul>
          </div> <!-- main-panel-content rounded-window-bottom -->
        </div> <!-- panel -->
        <div panel-name="group-Bank_Application_testing" class="panel">
          <div class="main-panel-header rounded-window-top">
            <span class="header-content">Groups for Bank Application testing</span>
          </div> <!-- main-panel-header rounded-window-top -->
          <div class="main-panel-content rounded-window-bottom">
          </div> <!-- main-panel-content rounded-window-bottom -->
        </div> <!-- panel -->
        <div panel-name="times-Bank_Application_testing" class="panel">
          <div class="main-panel-header rounded-window-top">
            <span class="header-content">Times for Bank Application testing</span>
          </div> <!-- main-panel-header rounded-window-top -->
          <div class="main-panel-content rounded-window-bottom">
            <div class="times-div">
              <script type="text/javascript">
suiteTableInitFunctions.push('tableData_Bank_Application_testing');
function tableData_Bank_Application_testing() {
var data = new google.visualization.DataTable();
data.addColumn('number', 'Number');
data.addColumn('string', 'Method');
data.addColumn('string', 'Class');
data.addColumn('number', 'Time (ms)');
data.addRows(9);
data.setCell(0, 0, 0)
data.setCell(0, 1, 'validateSubmitwithCorrectData')
data.setCell(0, 2, 'testCases.newCustomerTest')
data.setCell(0, 3, 33035);
data.setCell(1, 0, 1)
data.setCell(1, 1, 'newCutomerVerify')
data.setCell(1, 2, 'testCases.newCustomerTest')
data.setCell(1, 3, 30085);
data.setCell(2, 0, 2)
data.setCell(2, 1, 'validateReset')
data.setCell(2, 2, 'testCases.newCustomerTest')
data.setCell(2, 3, 30053);
data.setCell(3, 0, 3)
data.setCell(3, 1, 'deleteCustomerVerfiy')
data.setCell(3, 2, 'testCases.newCustomerTest')
data.setCell(3, 3, 30032);
data.setCell(4, 0, 4)
data.setCell(4, 1, 'validateCustomerNameTB')
data.setCell(4, 2, 'testCases.newCustomerTest')
data.setCell(4, 3, 7275);
data.setCell(5, 0, 5)
data.setCell(5, 1, 'validateAddressTB')
data.setCell(5, 2, 'testCases.newCustomerTest')
data.setCell(5, 3, 267);
data.setCell(6, 0, 6)
data.setCell(6, 1, 'validateCustomerNameTB')
data.setCell(6, 2, 'testCases.newCustomerTest')
data.setCell(6, 3, 191);
data.setCell(7, 0, 7)
data.setCell(7, 1, 'validateCustomerNameTB')
data.setCell(7, 2, 'testCases.newCustomerTest')
data.setCell(7, 3, 184);
data.setCell(8, 0, 8)
data.setCell(8, 1, 'validateAddressTB')
data.setCell(8, 2, 'testCases.newCustomerTest')
data.setCell(8, 3, 174);
window.suiteTableData['Bank_Application_testing']= { tableData: data, tableDiv: 'times-div-Bank_Application_testing'}
return data;
}
              </script>
              <span class="suite-total-time">Total running time: 2 minutes</span>
              <div id="times-div-Bank_Application_testing">
              </div> <!-- times-div-Bank_Application_testing -->
            </div> <!-- times-div -->
          </div> <!-- main-panel-content rounded-window-bottom -->
        </div> <!-- panel -->
        <div panel-name="reporter-Bank_Application_testing" class="panel">
          <div class="main-panel-header rounded-window-top">
            <span class="header-content">Reporter output for Bank Application testing</span>
          </div> <!-- main-panel-header rounded-window-top -->
          <div class="main-panel-content rounded-window-bottom">
          </div> <!-- main-panel-content rounded-window-bottom -->
        </div> <!-- panel -->
        <div panel-name="ignored-methods-Bank_Application_testing" class="panel">
          <div class="main-panel-header rounded-window-top">
            <span class="header-content">0 ignored methods</span>
          </div> <!-- main-panel-header rounded-window-top -->
          <div class="main-panel-content rounded-window-bottom">
          </div> <!-- main-panel-content rounded-window-bottom -->
        </div> <!-- panel -->
        <div panel-name="chronological-Bank_Application_testing" class="panel">
          <div class="main-panel-header rounded-window-top">
            <span class="header-content">Methods in chronological order</span>
          </div> <!-- main-panel-header rounded-window-top -->
          <div class="main-panel-content rounded-window-bottom">
            <div class="chronological-class">
              <div class="chronological-class-name">testCases.newCustomerTest</div> <!-- chronological-class-name -->
              <div class="configuration-test before">
                <span class="method-name">setUp</span>
                <span class="method-start">0 ms</span>
              </div> <!-- configuration-test before -->
              <div class="test-method">
                <span class="method-name">validateCustomerNameTB(1223, Numbers are not allowed)</span>
                <span class="method-start">10146 ms</span>
              </div> <!-- test-method -->
              <div class="test-method">
                <span class="method-name">validateCustomerNameTB(@test, Special characters are not allowed)</span>
                <span class="method-start">17624 ms</span>
              </div> <!-- test-method -->
              <div class="test-method">
                <span class="method-name">validateCustomerNameTB(, Customer name must not be blank)</span>
                <span class="method-start">17853 ms</span>
              </div> <!-- test-method -->
              <div class="test-method">
                <span class="method-name">validateAddressTB({addressData=test@test, addressMsg=Special characters are not allowed})</span>
                <span class="method-start">18078 ms</span>
              </div> <!-- test-method -->
              <div class="test-method">
                <span class="method-name">validateAddressTB({addressData=, addressMsg=Address Field must not be blank})</span>
                <span class="method-start">18370 ms</span>
              </div> <!-- test-method -->
              <div class="test-method">
                <img src="failed.png">
                </img>
                <span class="method-name">validateSubmitwithCorrectData</span>
                <span class="method-start">18578 ms</span>
              </div> <!-- test-method -->
              <div class="test-method">
                <img src="failed.png">
                </img>
                <span class="method-name">validateReset</span>
                <span class="method-start">51619 ms</span>
              </div> <!-- test-method -->
              <div class="test-method">
                <img src="failed.png">
                </img>
                <span class="method-name">newCutomerVerify</span>
                <span class="method-start">81674 ms</span>
              </div> <!-- test-method -->
              <div class="test-method">
                <img src="failed.png">
                </img>
                <span class="method-name">deleteCustomerVerfiy</span>
                <span class="method-start">111761 ms</span>
              </div> <!-- test-method -->
              <div class="configuration-test after">
                <span class="method-name">tearDown</span>
                <span class="method-start">141795 ms</span>
              </div> <!-- configuration-test after -->
          </div> <!-- main-panel-content rounded-window-bottom -->
        </div> <!-- panel -->
      </div> <!-- main-panel-root -->
    </div> <!-- wrapper -->
  </body>
</html>
